2023/03/29 14:27:06 [error] 31#31: *1 rewrite or internal redirection cycle while internally redirecting to "/index.html", client: 172.24.0.1, server: , request: "GET /static/js/2.1c9d4dd4.chunk.js HTTP/1.1", host: "localhost:8000", referrer: "http://localhost:8000/"
2023/03/29 14:27:06 [error] 31#31: *2 rewrite or internal redirection cycle while internally redirecting to "/index.html", client: 172.24.0.1, server: , request: "GET /static/css/main.8c8b27cf.chunk.css HTTP/1.1", host: "localhost:8000", referrer: "http://localhost:8000/"
2023/03/29 14:27:06 [error] 31#31: *3 rewrite or internal redirection cycle while internally redirecting to "/index.html", client: 172.24.0.1, server: , request: "GET /static/js/main.419ca285.chunk.js HTTP/1.1", host: "localhost:8000", referrer: "http://localhost:8000/"
2023/03/29 14:27:06 [error] 31#31: *4 rewrite or internal redirection cycle while internally redirecting to "/index.html", client: 172.24.0.1, server: , request: "GET /static/js/2.1c9d4dd4.chunk.js HTTP/1.1", host: "localhost:8000"
2023/03/29 14:27:06 [error] 31#31: *5 rewrite or internal redirection cycle while internally redirecting to "/index.html", client: 172.24.0.1, server: , request: "GET /static/js/main.419ca285.chunk.js HTTP/1.1", host: "localhost:8000"
2023/03/29 14:27:07 [error] 31#31: *6 rewrite or internal redirection cycle while internally redirecting to "/index.html", client: 172.24.0.1, server: , request: "GET /favicon.ico HTTP/1.1", host: "localhost:8000", referrer: "http://localhost:8000/"
2023/03/29 14:27:07 [error] 31#31: *7 rewrite or internal redirection cycle while internally redirecting to "/index.html", client: 172.24.0.1, server: , request: "GET /manifest.json HTTP/1.1", host: "localhost:8000", referrer: "http://localhost:8000/"
2023/04/26 15:31:17 [emerg] 1#1: host not found in upstream "backend" in /etc/nginx/nginx.conf:10
2023/04/26 15:31:21 [emerg] 1#1: host not found in upstream "backend" in /etc/nginx/nginx.conf:10
2023/04/26 15:31:23 [emerg] 1#1: host not found in upstream "backend" in /etc/nginx/nginx.conf:10
2023/04/26 15:31:26 [emerg] 1#1: host not found in upstream "backend" in /etc/nginx/nginx.conf:10
2023/04/26 15:31:27 [emerg] 1#1: host not found in upstream "backend" in /etc/nginx/nginx.conf:10
2023/04/26 15:31:29 [emerg] 1#1: host not found in upstream "backend" in /etc/nginx/nginx.conf:10
2023/04/26 15:31:33 [emerg] 1#1: host not found in upstream "backend" in /etc/nginx/nginx.conf:10
2023/04/26 15:31:43 [emerg] 1#1: host not found in upstream "backend" in /etc/nginx/nginx.conf:10
2023/04/26 15:31:56 [emerg] 1#1: host not found in upstream "backend" in /etc/nginx/nginx.conf:10
2023/04/26 15:32:22 [emerg] 1#1: host not found in upstream "backend" in /etc/nginx/nginx.conf:10
2023/04/26 15:33:13 [emerg] 1#1: host not found in upstream "backend" in /etc/nginx/nginx.conf:10
2023/04/26 15:34:14 [emerg] 1#1: host not found in upstream "backend" in /etc/nginx/nginx.conf:10
2023/04/26 15:35:14 [emerg] 1#1: host not found in upstream "backend" in /etc/nginx/nginx.conf:10
2023/04/26 15:36:14 [emerg] 1#1: host not found in upstream "backend" in /etc/nginx/nginx.conf:10
2023/04/26 15:37:15 [emerg] 1#1: host not found in upstream "backend" in /etc/nginx/nginx.conf:10
2023/04/26 15:38:15 [emerg] 1#1: host not found in upstream "backend" in /etc/nginx/nginx.conf:10
2023/04/26 15:39:16 [emerg] 1#1: host not found in upstream "backend" in /etc/nginx/nginx.conf:10
2023/05/25 14:03:23 [emerg] 1#1: host not found in upstream "backend" in /etc/nginx/nginx.conf:10
2023/05/25 14:04:24 [emerg] 1#1: host not found in upstream "backend" in /etc/nginx/nginx.conf:10
2023/05/25 14:05:24 [emerg] 1#1: host not found in upstream "backend" in /etc/nginx/nginx.conf:10
2023/05/25 14:06:25 [emerg] 1#1: host not found in upstream "backend" in /etc/nginx/nginx.conf:10
2023/05/25 14:07:25 [emerg] 1#1: host not found in upstream "backend" in /etc/nginx/nginx.conf:10
2023/05/25 14:08:26 [emerg] 1#1: host not found in upstream "backend" in /etc/nginx/nginx.conf:10
2023/05/25 14:09:26 [emerg] 1#1: host not found in upstream "backend" in /etc/nginx/nginx.conf:10
2023/05/25 14:10:27 [emerg] 1#1: host not found in upstream "backend" in /etc/nginx/nginx.conf:10
2023/05/25 14:11:27 [emerg] 1#1: host not found in upstream "backend" in /etc/nginx/nginx.conf:10
2023/05/25 14:12:28 [emerg] 1#1: host not found in upstream "backend" in /etc/nginx/nginx.conf:10
2023/05/25 14:13:28 [emerg] 1#1: host not found in upstream "backend" in /etc/nginx/nginx.conf:10
2023/05/25 14:14:28 [emerg] 1#1: host not found in upstream "backend" in /etc/nginx/nginx.conf:10
2023/05/25 14:15:29 [emerg] 1#1: host not found in upstream "backend" in /etc/nginx/nginx.conf:10
2023/05/25 14:16:30 [emerg] 1#1: host not found in upstream "backend" in /etc/nginx/nginx.conf:10
2023/05/25 14:17:30 [emerg] 1#1: host not found in upstream "backend" in /etc/nginx/nginx.conf:10
2023/05/25 14:18:31 [emerg] 1#1: host not found in upstream "backend" in /etc/nginx/nginx.conf:10
2023/05/25 14:19:31 [emerg] 1#1: host not found in upstream "backend" in /etc/nginx/nginx.conf:10
2023/05/25 14:20:32 [emerg] 1#1: host not found in upstream "backend" in /etc/nginx/nginx.conf:10
2023/05/25 14:21:32 [emerg] 1#1: host not found in upstream "backend" in /etc/nginx/nginx.conf:10
2023/05/25 14:22:33 [emerg] 1#1: host not found in upstream "backend" in /etc/nginx/nginx.conf:10
2023/05/25 14:23:33 [emerg] 1#1: host not found in upstream "backend" in /etc/nginx/nginx.conf:10
2023/05/25 14:24:34 [emerg] 1#1: host not found in upstream "backend" in /etc/nginx/nginx.conf:10
2023/05/25 14:25:34 [emerg] 1#1: host not found in upstream "backend" in /etc/nginx/nginx.conf:10
2023/05/25 14:26:35 [emerg] 1#1: host not found in upstream "backend" in /etc/nginx/nginx.conf:10
2023/05/25 14:27:36 [emerg] 1#1: host not found in upstream "backend" in /etc/nginx/nginx.conf:10
2023/05/25 14:28:36 [emerg] 1#1: host not found in upstream "backend" in /etc/nginx/nginx.conf:10
2023/05/25 14:29:36 [emerg] 1#1: host not found in upstream "backend" in /etc/nginx/nginx.conf:10
2023/05/25 14:30:37 [emerg] 1#1: host not found in upstream "backend" in /etc/nginx/nginx.conf:10
2023/05/25 14:31:38 [emerg] 1#1: host not found in upstream "backend" in /etc/nginx/nginx.conf:10
2023/05/25 14:32:38 [emerg] 1#1: host not found in upstream "backend" in /etc/nginx/nginx.conf:10
2023/05/25 14:33:39 [emerg] 1#1: host not found in upstream "backend" in /etc/nginx/nginx.conf:10
2023/05/25 14:34:39 [emerg] 1#1: host not found in upstream "backend" in /etc/nginx/nginx.conf:10
2023/05/25 14:35:40 [emerg] 1#1: host not found in upstream "backend" in /etc/nginx/nginx.conf:10
2023/05/25 14:36:40 [emerg] 1#1: host not found in upstream "backend" in /etc/nginx/nginx.conf:10
2023/05/25 14:37:41 [emerg] 1#1: host not found in upstream "backend" in /etc/nginx/nginx.conf:10
2023/05/25 14:38:41 [emerg] 1#1: host not found in upstream "backend" in /etc/nginx/nginx.conf:10
2023/05/25 14:39:42 [emerg] 1#1: host not found in upstream "backend" in /etc/nginx/nginx.conf:10
2023/05/25 14:40:42 [emerg] 1#1: host not found in upstream "backend" in /etc/nginx/nginx.conf:10
2023/05/25 14:41:43 [emerg] 1#1: host not found in upstream "backend" in /etc/nginx/nginx.conf:10
2023/05/25 14:42:44 [emerg] 1#1: host not found in upstream "backend" in /etc/nginx/nginx.conf:10
2023/05/25 14:43:45 [emerg] 1#1: host not found in upstream "backend" in /etc/nginx/nginx.conf:10
2023/05/25 14:44:45 [emerg] 1#1: host not found in upstream "backend" in /etc/nginx/nginx.conf:10
2023/05/25 14:45:46 [emerg] 1#1: host not found in upstream "backend" in /etc/nginx/nginx.conf:10
2023/05/25 14:46:46 [emerg] 1#1: host not found in upstream "backend" in /etc/nginx/nginx.conf:10
2023/05/25 14:47:47 [emerg] 1#1: host not found in upstream "backend" in /etc/nginx/nginx.conf:10
2023/05/25 14:48:47 [emerg] 1#1: host not found in upstream "backend" in /etc/nginx/nginx.conf:10
2023/05/25 14:49:47 [emerg] 1#1: host not found in upstream "backend" in /etc/nginx/nginx.conf:10
2023/05/25 14:50:48 [emerg] 1#1: host not found in upstream "backend" in /etc/nginx/nginx.conf:10
2023/05/25 14:51:49 [emerg] 1#1: host not found in upstream "backend" in /etc/nginx/nginx.conf:10
2023/05/25 14:52:49 [emerg] 1#1: host not found in upstream "backend" in /etc/nginx/nginx.conf:10
2023/05/25 14:53:50 [emerg] 1#1: host not found in upstream "backend" in /etc/nginx/nginx.conf:10
2023/05/25 14:54:51 [emerg] 1#1: host not found in upstream "backend" in /etc/nginx/nginx.conf:10
2023/05/25 14:55:52 [emerg] 1#1: host not found in upstream "backend" in /etc/nginx/nginx.conf:10
2023/05/25 14:56:52 [emerg] 1#1: host not found in upstream "backend" in /etc/nginx/nginx.conf:10
2023/05/25 14:57:53 [emerg] 1#1: host not found in upstream "backend" in /etc/nginx/nginx.conf:10
2023/05/25 14:58:53 [emerg] 1#1: host not found in upstream "backend" in /etc/nginx/nginx.conf:10
2023/05/25 14:59:54 [emerg] 1#1: host not found in upstream "backend" in /etc/nginx/nginx.conf:10
2023/05/25 15:00:54 [emerg] 1#1: host not found in upstream "backend" in /etc/nginx/nginx.conf:10
2023/05/25 15:01:55 [emerg] 1#1: host not found in upstream "backend" in /etc/nginx/nginx.conf:10
2023/05/25 15:02:55 [emerg] 1#1: host not found in upstream "backend" in /etc/nginx/nginx.conf:10
2023/05/25 15:03:56 [emerg] 1#1: host not found in upstream "backend" in /etc/nginx/nginx.conf:10
2023/05/25 15:04:56 [emerg] 1#1: host not found in upstream "backend" in /etc/nginx/nginx.conf:10
2023/05/25 15:05:57 [emerg] 1#1: host not found in upstream "backend" in /etc/nginx/nginx.conf:10
2023/05/25 15:06:57 [emerg] 1#1: host not found in upstream "backend" in /etc/nginx/nginx.conf:10
2023/05/25 15:07:58 [emerg] 1#1: host not found in upstream "backend" in /etc/nginx/nginx.conf:10
2023/05/25 15:08:58 [emerg] 1#1: host not found in upstream "backend" in /etc/nginx/nginx.conf:10
2023/05/25 15:09:59 [emerg] 1#1: host not found in upstream "backend" in /etc/nginx/nginx.conf:10
2023/05/25 15:10:59 [emerg] 1#1: host not found in upstream "backend" in /etc/nginx/nginx.conf:10
2023/05/25 15:12:00 [emerg] 1#1: host not found in upstream "backend" in /etc/nginx/nginx.conf:10
2023/05/25 15:13:01 [emerg] 1#1: host not found in upstream "backend" in /etc/nginx/nginx.conf:10
2023/05/25 15:14:01 [emerg] 1#1: host not found in upstream "backend" in /etc/nginx/nginx.conf:10
2023/05/25 15:15:02 [emerg] 1#1: host not found in upstream "backend" in /etc/nginx/nginx.conf:10
2023/05/25 15:16:02 [emerg] 1#1: host not found in upstream "backend" in /etc/nginx/nginx.conf:10
2023/05/25 15:17:03 [emerg] 1#1: host not found in upstream "backend" in /etc/nginx/nginx.conf:10
2023/05/25 15:18:03 [emerg] 1#1: host not found in upstream "backend" in /etc/nginx/nginx.conf:10
2023/05/25 15:19:04 [emerg] 1#1: host not found in upstream "backend" in /etc/nginx/nginx.conf:10
2023/05/25 15:20:04 [emerg] 1#1: host not found in upstream "backend" in /etc/nginx/nginx.conf:10
2023/05/25 15:21:05 [emerg] 1#1: host not found in upstream "backend" in /etc/nginx/nginx.conf:10
2023/05/25 15:22:05 [emerg] 1#1: host not found in upstream "backend" in /etc/nginx/nginx.conf:10
2023/05/25 15:23:06 [emerg] 1#1: host not found in upstream "backend" in /etc/nginx/nginx.conf:10
2023/05/25 15:24:06 [emerg] 1#1: host not found in upstream "backend" in /etc/nginx/nginx.conf:10
2023/05/25 15:25:07 [emerg] 1#1: host not found in upstream "backend" in /etc/nginx/nginx.conf:10
2023/05/25 15:26:07 [emerg] 1#1: host not found in upstream "backend" in /etc/nginx/nginx.conf:10
2023/05/25 15:27:08 [emerg] 1#1: host not found in upstream "backend" in /etc/nginx/nginx.conf:10
2023/05/25 15:28:08 [emerg] 1#1: host not found in upstream "backend" in /etc/nginx/nginx.conf:10
2023/05/25 15:29:08 [emerg] 1#1: host not found in upstream "backend" in /etc/nginx/nginx.conf:10
2023/05/25 15:30:09 [emerg] 1#1: host not found in upstream "backend" in /etc/nginx/nginx.conf:10
2023/05/25 15:31:09 [emerg] 1#1: host not found in upstream "backend" in /etc/nginx/nginx.conf:10
2023/05/25 15:32:10 [emerg] 1#1: host not found in upstream "backend" in /etc/nginx/nginx.conf:10
2023/05/25 15:33:11 [emerg] 1#1: host not found in upstream "backend" in /etc/nginx/nginx.conf:10
2023/05/25 15:34:11 [emerg] 1#1: host not found in upstream "backend" in /etc/nginx/nginx.conf:10
2023/05/25 15:35:12 [emerg] 1#1: host not found in upstream "backend" in /etc/nginx/nginx.conf:10
2023/05/25 15:36:12 [emerg] 1#1: host not found in upstream "backend" in /etc/nginx/nginx.conf:10
2023/05/25 15:37:13 [emerg] 1#1: host not found in upstream "backend" in /etc/nginx/nginx.conf:10
2023/05/25 15:38:13 [emerg] 1#1: host not found in upstream "backend" in /etc/nginx/nginx.conf:10
2023/05/25 15:39:14 [emerg] 1#1: host not found in upstream "backend" in /etc/nginx/nginx.conf:10
2023/05/25 15:40:14 [emerg] 1#1: host not found in upstream "backend" in /etc/nginx/nginx.conf:10
2023/05/25 15:41:15 [emerg] 1#1: host not found in upstream "backend" in /etc/nginx/nginx.conf:10
2023/05/25 15:42:15 [emerg] 1#1: host not found in upstream "backend" in /etc/nginx/nginx.conf:10
2023/05/25 15:43:15 [emerg] 1#1: host not found in upstream "backend" in /etc/nginx/nginx.conf:10
2023/05/25 15:44:16 [emerg] 1#1: host not found in upstream "backend" in /etc/nginx/nginx.conf:10
2023/05/25 15:45:16 [emerg] 1#1: host not found in upstream "backend" in /etc/nginx/nginx.conf:10
2023/05/25 15:46:17 [emerg] 1#1: host not found in upstream "backend" in /etc/nginx/nginx.conf:10
2023/05/25 15:47:17 [emerg] 1#1: host not found in upstream "backend" in /etc/nginx/nginx.conf:10
2023/05/25 15:48:18 [emerg] 1#1: host not found in upstream "backend" in /etc/nginx/nginx.conf:10
2023/05/25 15:49:18 [emerg] 1#1: host not found in upstream "backend" in /etc/nginx/nginx.conf:10
2023/05/25 15:50:19 [emerg] 1#1: host not found in upstream "backend" in /etc/nginx/nginx.conf:10
2023/05/25 15:51:19 [emerg] 1#1: host not found in upstream "backend" in /etc/nginx/nginx.conf:10
2023/05/25 15:52:20 [emerg] 1#1: host not found in upstream "backend" in /etc/nginx/nginx.conf:10
2023/05/25 15:53:21 [emerg] 1#1: host not found in upstream "backend" in /etc/nginx/nginx.conf:10
2023/05/25 15:54:21 [emerg] 1#1: host not found in upstream "backend" in /etc/nginx/nginx.conf:10
2023/05/25 15:55:22 [emerg] 1#1: host not found in upstream "backend" in /etc/nginx/nginx.conf:10
2023/05/25 15:56:22 [emerg] 1#1: host not found in upstream "backend" in /etc/nginx/nginx.conf:10
2023/05/25 15:57:23 [emerg] 1#1: host not found in upstream "backend" in /etc/nginx/nginx.conf:10
2023/05/25 15:58:23 [emerg] 1#1: host not found in upstream "backend" in /etc/nginx/nginx.conf:10
2023/05/25 15:59:24 [emerg] 1#1: host not found in upstream "backend" in /etc/nginx/nginx.conf:10
2023/05/25 16:00:25 [emerg] 1#1: host not found in upstream "backend" in /etc/nginx/nginx.conf:10
2023/05/25 16:01:25 [emerg] 1#1: host not found in upstream "backend" in /etc/nginx/nginx.conf:10
2023/05/25 16:02:27 [emerg] 1#1: host not found in upstream "backend" in /etc/nginx/nginx.conf:10
2023/05/25 16:03:28 [emerg] 1#1: host not found in upstream "backend" in /etc/nginx/nginx.conf:10
2023/05/25 16:04:29 [emerg] 1#1: host not found in upstream "backend" in /etc/nginx/nginx.conf:10
2023/05/25 16:05:29 [emerg] 1#1: host not found in upstream "backend" in /etc/nginx/nginx.conf:10
2023/05/25 16:06:30 [emerg] 1#1: host not found in upstream "backend" in /etc/nginx/nginx.conf:10
2023/05/25 16:07:31 [emerg] 1#1: host not found in upstream "backend" in /etc/nginx/nginx.conf:10
2023/05/25 16:08:32 [emerg] 1#1: host not found in upstream "backend" in /etc/nginx/nginx.conf:10
2023/05/25 16:09:33 [emerg] 1#1: host not found in upstream "backend" in /etc/nginx/nginx.conf:10
2023/05/25 16:10:34 [emerg] 1#1: host not found in upstream "backend" in /etc/nginx/nginx.conf:10
2023/05/25 16:11:35 [emerg] 1#1: host not found in upstream "backend" in /etc/nginx/nginx.conf:10
2023/05/25 16:12:36 [emerg] 1#1: host not found in upstream "backend" in /etc/nginx/nginx.conf:10
2023/05/25 16:13:36 [emerg] 1#1: host not found in upstream "backend" in /etc/nginx/nginx.conf:10
2023/05/25 16:14:37 [emerg] 1#1: host not found in upstream "backend" in /etc/nginx/nginx.conf:10
2023/05/25 16:15:38 [emerg] 1#1: host not found in upstream "backend" in /etc/nginx/nginx.conf:10
2023/05/25 16:16:39 [emerg] 1#1: host not found in upstream "backend" in /etc/nginx/nginx.conf:10
2023/05/25 16:17:40 [emerg] 1#1: host not found in upstream "backend" in /etc/nginx/nginx.conf:10
2023/05/25 16:18:42 [emerg] 1#1: host not found in upstream "backend" in /etc/nginx/nginx.conf:10
2023/05/25 16:19:42 [emerg] 1#1: host not found in upstream "backend" in /etc/nginx/nginx.conf:10
2023/05/25 16:20:43 [emerg] 1#1: host not found in upstream "backend" in /etc/nginx/nginx.conf:10
2023/05/25 16:21:43 [emerg] 1#1: host not found in upstream "backend" in /etc/nginx/nginx.conf:10
2023/05/25 16:22:44 [emerg] 1#1: host not found in upstream "backend" in /etc/nginx/nginx.conf:10
2023/05/25 16:23:45 [emerg] 1#1: host not found in upstream "backend" in /etc/nginx/nginx.conf:10
2023/05/25 16:24:46 [emerg] 1#1: host not found in upstream "backend" in /etc/nginx/nginx.conf:10
2023/05/25 16:25:46 [emerg] 1#1: host not found in upstream "backend" in /etc/nginx/nginx.conf:10
2023/05/25 16:26:47 [emerg] 1#1: host not found in upstream "backend" in /etc/nginx/nginx.conf:10
2023/05/25 16:27:48 [emerg] 1#1: host not found in upstream "backend" in /etc/nginx/nginx.conf:10
2023/05/25 16:28:49 [emerg] 1#1: host not found in upstream "backend" in /etc/nginx/nginx.conf:10
2023/05/25 16:29:49 [emerg] 1#1: host not found in upstream "backend" in /etc/nginx/nginx.conf:10
2023/05/25 16:30:50 [emerg] 1#1: host not found in upstream "backend" in /etc/nginx/nginx.conf:10
2023/05/25 16:31:51 [emerg] 1#1: host not found in upstream "backend" in /etc/nginx/nginx.conf:10
2023/05/25 16:32:51 [emerg] 1#1: host not found in upstream "backend" in /etc/nginx/nginx.conf:10
2023/05/25 16:33:52 [emerg] 1#1: host not found in upstream "backend" in /etc/nginx/nginx.conf:10
2023/05/25 16:34:53 [emerg] 1#1: host not found in upstream "backend" in /etc/nginx/nginx.conf:10
2023/05/25 16:35:54 [emerg] 1#1: host not found in upstream "backend" in /etc/nginx/nginx.conf:10
2023/05/25 16:36:54 [emerg] 1#1: host not found in upstream "backend" in /etc/nginx/nginx.conf:10
2023/05/25 16:37:55 [emerg] 1#1: host not found in upstream "backend" in /etc/nginx/nginx.conf:10
2023/05/25 16:38:56 [emerg] 1#1: host not found in upstream "backend" in /etc/nginx/nginx.conf:10
2023/05/25 16:39:57 [emerg] 1#1: host not found in upstream "backend" in /etc/nginx/nginx.conf:10
2023/05/25 16:40:57 [emerg] 1#1: host not found in upstream "backend" in /etc/nginx/nginx.conf:10
2023/05/25 16:41:58 [emerg] 1#1: host not found in upstream "backend" in /etc/nginx/nginx.conf:10
2023/05/25 16:42:59 [emerg] 1#1: host not found in upstream "backend" in /etc/nginx/nginx.conf:10
2023/05/25 16:43:59 [emerg] 1#1: host not found in upstream "backend" in /etc/nginx/nginx.conf:10
2023/05/25 16:45:00 [emerg] 1#1: host not found in upstream "backend" in /etc/nginx/nginx.conf:10
2023/05/25 16:46:01 [emerg] 1#1: host not found in upstream "backend" in /etc/nginx/nginx.conf:10
2023/05/25 16:47:01 [emerg] 1#1: host not found in upstream "backend" in /etc/nginx/nginx.conf:10
2023/05/25 16:48:02 [emerg] 1#1: host not found in upstream "backend" in /etc/nginx/nginx.conf:10
2023/05/25 16:49:03 [emerg] 1#1: host not found in upstream "backend" in /etc/nginx/nginx.conf:10
2023/05/25 16:50:03 [emerg] 1#1: host not found in upstream "backend" in /etc/nginx/nginx.conf:10
2023/05/25 16:51:04 [emerg] 1#1: host not found in upstream "backend" in /etc/nginx/nginx.conf:10
2023/05/25 16:52:05 [emerg] 1#1: host not found in upstream "backend" in /etc/nginx/nginx.conf:10
2023/05/25 16:53:06 [emerg] 1#1: host not found in upstream "backend" in /etc/nginx/nginx.conf:10
2023/05/25 16:54:06 [emerg] 1#1: host not found in upstream "backend" in /etc/nginx/nginx.conf:10
2023/05/25 16:55:07 [emerg] 1#1: host not found in upstream "backend" in /etc/nginx/nginx.conf:10
2023/05/25 16:56:08 [emerg] 1#1: host not found in upstream "backend" in /etc/nginx/nginx.conf:10
2023/05/25 16:57:09 [emerg] 1#1: host not found in upstream "backend" in /etc/nginx/nginx.conf:10
2023/05/25 16:58:10 [emerg] 1#1: host not found in upstream "backend" in /etc/nginx/nginx.conf:10
2023/05/25 16:59:11 [emerg] 1#1: host not found in upstream "backend" in /etc/nginx/nginx.conf:10
2023/05/25 17:00:11 [emerg] 1#1: host not found in upstream "backend" in /etc/nginx/nginx.conf:10
2023/05/25 17:01:12 [emerg] 1#1: host not found in upstream "backend" in /etc/nginx/nginx.conf:10
2023/05/25 17:02:13 [emerg] 1#1: host not found in upstream "backend" in /etc/nginx/nginx.conf:10
2023/05/25 17:03:14 [emerg] 1#1: host not found in upstream "backend" in /etc/nginx/nginx.conf:10
2023/05/25 17:04:14 [emerg] 1#1: host not found in upstream "backend" in /etc/nginx/nginx.conf:10
2023/05/25 17:05:14 [emerg] 1#1: host not found in upstream "backend" in /etc/nginx/nginx.conf:10
2023/05/25 17:06:15 [emerg] 1#1: host not found in upstream "backend" in /etc/nginx/nginx.conf:10
2023/05/25 17:07:15 [emerg] 1#1: host not found in upstream "backend" in /etc/nginx/nginx.conf:10
2023/05/25 17:08:16 [emerg] 1#1: host not found in upstream "backend" in /etc/nginx/nginx.conf:10
2023/05/25 17:09:16 [emerg] 1#1: host not found in upstream "backend" in /etc/nginx/nginx.conf:10
2023/05/25 17:10:17 [emerg] 1#1: host not found in upstream "backend" in /etc/nginx/nginx.conf:10
2023/05/25 17:11:17 [emerg] 1#1: host not found in upstream "backend" in /etc/nginx/nginx.conf:10
2023/05/25 17:12:18 [emerg] 1#1: host not found in upstream "backend" in /etc/nginx/nginx.conf:10
2023/05/25 17:13:18 [emerg] 1#1: host not found in upstream "backend" in /etc/nginx/nginx.conf:10
2023/05/25 17:14:19 [emerg] 1#1: host not found in upstream "backend" in /etc/nginx/nginx.conf:10
2023/05/25 17:15:19 [emerg] 1#1: host not found in upstream "backend" in /etc/nginx/nginx.conf:10
2023/05/25 17:16:20 [emerg] 1#1: host not found in upstream "backend" in /etc/nginx/nginx.conf:10
2023/05/25 17:17:21 [emerg] 1#1: host not found in upstream "backend" in /etc/nginx/nginx.conf:10
2023/05/25 17:18:21 [emerg] 1#1: host not found in upstream "backend" in /etc/nginx/nginx.conf:10
2023/05/25 17:19:22 [emerg] 1#1: host not found in upstream "backend" in /etc/nginx/nginx.conf:10
2023/05/25 17:20:22 [emerg] 1#1: host not found in upstream "backend" in /etc/nginx/nginx.conf:10
2023/05/25 17:21:23 [emerg] 1#1: host not found in upstream "backend" in /etc/nginx/nginx.conf:10
2023/05/25 17:22:23 [emerg] 1#1: host not found in upstream "backend" in /etc/nginx/nginx.conf:10
2023/05/25 17:23:24 [emerg] 1#1: host not found in upstream "backend" in /etc/nginx/nginx.conf:10
2023/05/25 17:24:24 [emerg] 1#1: host not found in upstream "backend" in /etc/nginx/nginx.conf:10
2023/05/25 17:25:25 [emerg] 1#1: host not found in upstream "backend" in /etc/nginx/nginx.conf:10
2023/05/25 17:26:25 [emerg] 1#1: host not found in upstream "backend" in /etc/nginx/nginx.conf:10
2023/05/25 17:27:25 [emerg] 1#1: host not found in upstream "backend" in /etc/nginx/nginx.conf:10
2023/05/25 17:28:26 [emerg] 1#1: host not found in upstream "backend" in /etc/nginx/nginx.conf:10
2023/05/25 17:29:26 [emerg] 1#1: host not found in upstream "backend" in /etc/nginx/nginx.conf:10
2023/05/25 17:30:27 [emerg] 1#1: host not found in upstream "backend" in /etc/nginx/nginx.conf:10
2023/05/25 17:31:27 [emerg] 1#1: host not found in upstream "backend" in /etc/nginx/nginx.conf:10
2023/05/25 17:32:27 [emerg] 1#1: host not found in upstream "backend" in /etc/nginx/nginx.conf:10
2023/05/25 17:33:28 [emerg] 1#1: host not found in upstream "backend" in /etc/nginx/nginx.conf:10
2023/05/25 17:34:28 [emerg] 1#1: host not found in upstream "backend" in /etc/nginx/nginx.conf:10
2023/05/25 17:35:29 [emerg] 1#1: host not found in upstream "backend" in /etc/nginx/nginx.conf:10
2023/05/25 17:36:29 [emerg] 1#1: host not found in upstream "backend" in /etc/nginx/nginx.conf:10
2023/05/25 17:37:30 [emerg] 1#1: host not found in upstream "backend" in /etc/nginx/nginx.conf:10
2023/05/25 17:38:30 [emerg] 1#1: host not found in upstream "backend" in /etc/nginx/nginx.conf:10
2023/05/25 17:39:31 [emerg] 1#1: host not found in upstream "backend" in /etc/nginx/nginx.conf:10
2023/05/25 17:40:31 [emerg] 1#1: host not found in upstream "backend" in /etc/nginx/nginx.conf:10
2023/05/25 17:41:31 [emerg] 1#1: host not found in upstream "backend" in /etc/nginx/nginx.conf:10
2023/05/25 17:42:32 [emerg] 1#1: host not found in upstream "backend" in /etc/nginx/nginx.conf:10
2023/05/25 17:43:32 [emerg] 1#1: host not found in upstream "backend" in /etc/nginx/nginx.conf:10
2023/05/25 17:44:33 [emerg] 1#1: host not found in upstream "backend" in /etc/nginx/nginx.conf:10
2023/05/25 17:45:33 [emerg] 1#1: host not found in upstream "backend" in /etc/nginx/nginx.conf:10
2023/05/25 17:46:34 [emerg] 1#1: host not found in upstream "backend" in /etc/nginx/nginx.conf:10
2023/05/25 17:47:34 [emerg] 1#1: host not found in upstream "backend" in /etc/nginx/nginx.conf:10
2023/05/25 17:48:35 [emerg] 1#1: host not found in upstream "backend" in /etc/nginx/nginx.conf:10
2023/05/25 17:49:35 [emerg] 1#1: host not found in upstream "backend" in /etc/nginx/nginx.conf:10
2023/05/25 17:50:35 [emerg] 1#1: host not found in upstream "backend" in /etc/nginx/nginx.conf:10
2023/05/25 17:51:36 [emerg] 1#1: host not found in upstream "backend" in /etc/nginx/nginx.conf:10
2023/05/25 17:52:36 [emerg] 1#1: host not found in upstream "backend" in /etc/nginx/nginx.conf:10
2023/05/25 17:53:37 [emerg] 1#1: host not found in upstream "backend" in /etc/nginx/nginx.conf:10
2023/05/25 17:54:37 [emerg] 1#1: host not found in upstream "backend" in /etc/nginx/nginx.conf:10
2023/05/25 17:55:37 [emerg] 1#1: host not found in upstream "backend" in /etc/nginx/nginx.conf:10
2023/05/25 17:56:38 [emerg] 1#1: host not found in upstream "backend" in /etc/nginx/nginx.conf:10
2023/05/25 17:57:38 [emerg] 1#1: host not found in upstream "backend" in /etc/nginx/nginx.conf:10
2023/05/25 17:58:39 [emerg] 1#1: host not found in upstream "backend" in /etc/nginx/nginx.conf:10
2023/05/25 17:59:39 [emerg] 1#1: host not found in upstream "backend" in /etc/nginx/nginx.conf:10
2023/05/25 18:00:40 [emerg] 1#1: host not found in upstream "backend" in /etc/nginx/nginx.conf:10
2023/05/25 18:01:40 [emerg] 1#1: host not found in upstream "backend" in /etc/nginx/nginx.conf:10
2023/05/25 18:02:41 [emerg] 1#1: host not found in upstream "backend" in /etc/nginx/nginx.conf:10
2023/05/25 18:03:41 [emerg] 1#1: host not found in upstream "backend" in /etc/nginx/nginx.conf:10
2023/05/25 18:04:42 [emerg] 1#1: host not found in upstream "backend" in /etc/nginx/nginx.conf:10
2023/05/25 18:05:42 [emerg] 1#1: host not found in upstream "backend" in /etc/nginx/nginx.conf:10
2023/05/25 18:06:42 [emerg] 1#1: host not found in upstream "backend" in /etc/nginx/nginx.conf:10
2023/05/25 18:07:43 [emerg] 1#1: host not found in upstream "backend" in /etc/nginx/nginx.conf:10
2023/05/25 18:08:43 [emerg] 1#1: host not found in upstream "backend" in /etc/nginx/nginx.conf:10
2023/05/25 18:09:44 [emerg] 1#1: host not found in upstream "backend" in /etc/nginx/nginx.conf:10
2023/05/25 18:10:44 [emerg] 1#1: host not found in upstream "backend" in /etc/nginx/nginx.conf:10
2023/05/25 18:11:44 [emerg] 1#1: host not found in upstream "backend" in /etc/nginx/nginx.conf:10
2023/05/25 18:12:45 [emerg] 1#1: host not found in upstream "backend" in /etc/nginx/nginx.conf:10
2023/05/25 18:13:45 [emerg] 1#1: host not found in upstream "backend" in /etc/nginx/nginx.conf:10
2023/05/25 18:14:46 [emerg] 1#1: host not found in upstream "backend" in /etc/nginx/nginx.conf:10
2023/05/25 18:15:46 [emerg] 1#1: host not found in upstream "backend" in /etc/nginx/nginx.conf:10
2023/05/25 18:16:46 [emerg] 1#1: host not found in upstream "backend" in /etc/nginx/nginx.conf:10
2023/05/25 18:17:47 [emerg] 1#1: host not found in upstream "backend" in /etc/nginx/nginx.conf:10
2023/05/25 18:18:47 [emerg] 1#1: host not found in upstream "backend" in /etc/nginx/nginx.conf:10
2023/05/25 18:19:48 [emerg] 1#1: host not found in upstream "backend" in /etc/nginx/nginx.conf:10
2023/05/25 18:20:48 [emerg] 1#1: host not found in upstream "backend" in /etc/nginx/nginx.conf:10
2023/05/25 18:21:49 [emerg] 1#1: host not found in upstream "backend" in /etc/nginx/nginx.conf:10
2023/05/25 18:22:49 [emerg] 1#1: host not found in upstream "backend" in /etc/nginx/nginx.conf:10
2023/05/25 18:23:49 [emerg] 1#1: host not found in upstream "backend" in /etc/nginx/nginx.conf:10
2023/05/25 18:24:50 [emerg] 1#1: host not found in upstream "backend" in /etc/nginx/nginx.conf:10
2023/05/25 18:25:50 [emerg] 1#1: host not found in upstream "backend" in /etc/nginx/nginx.conf:10
2023/05/25 18:26:51 [emerg] 1#1: host not found in upstream "backend" in /etc/nginx/nginx.conf:10
2023/05/25 18:27:52 [emerg] 1#1: host not found in upstream "backend" in /etc/nginx/nginx.conf:10
2023/05/25 18:28:52 [emerg] 1#1: host not found in upstream "backend" in /etc/nginx/nginx.conf:10
2023/05/25 18:29:52 [emerg] 1#1: host not found in upstream "backend" in /etc/nginx/nginx.conf:10
2023/05/25 18:30:53 [emerg] 1#1: host not found in upstream "backend" in /etc/nginx/nginx.conf:10
2023/05/25 18:31:53 [emerg] 1#1: host not found in upstream "backend" in /etc/nginx/nginx.conf:10
2023/05/25 18:32:54 [emerg] 1#1: host not found in upstream "backend" in /etc/nginx/nginx.conf:10
2023/05/25 18:33:54 [emerg] 1#1: host not found in upstream "backend" in /etc/nginx/nginx.conf:10
2023/05/25 18:34:55 [emerg] 1#1: host not found in upstream "backend" in /etc/nginx/nginx.conf:10
2023/05/25 18:35:55 [emerg] 1#1: host not found in upstream "backend" in /etc/nginx/nginx.conf:10
2023/05/25 18:36:55 [emerg] 1#1: host not found in upstream "backend" in /etc/nginx/nginx.conf:10
2023/05/25 18:37:56 [emerg] 1#1: host not found in upstream "backend" in /etc/nginx/nginx.conf:10
2023/05/25 18:38:56 [emerg] 1#1: host not found in upstream "backend" in /etc/nginx/nginx.conf:10
2023/05/25 18:39:57 [emerg] 1#1: host not found in upstream "backend" in /etc/nginx/nginx.conf:10
2023/05/25 18:40:57 [emerg] 1#1: host not found in upstream "backend" in /etc/nginx/nginx.conf:10
2023/05/25 18:41:58 [emerg] 1#1: host not found in upstream "backend" in /etc/nginx/nginx.conf:10
2023/05/25 18:42:58 [emerg] 1#1: host not found in upstream "backend" in /etc/nginx/nginx.conf:10
2023/05/25 18:43:58 [emerg] 1#1: host not found in upstream "backend" in /etc/nginx/nginx.conf:10
2023/05/25 18:44:59 [emerg] 1#1: host not found in upstream "backend" in /etc/nginx/nginx.conf:10
2023/05/25 18:45:59 [emerg] 1#1: host not found in upstream "backend" in /etc/nginx/nginx.conf:10
2023/05/25 18:47:00 [emerg] 1#1: host not found in upstream "backend" in /etc/nginx/nginx.conf:10
2023/05/25 18:48:00 [emerg] 1#1: host not found in upstream "backend" in /etc/nginx/nginx.conf:10
2023/05/25 18:49:00 [emerg] 1#1: host not found in upstream "backend" in /etc/nginx/nginx.conf:10
2023/05/25 18:50:01 [emerg] 1#1: host not found in upstream "backend" in /etc/nginx/nginx.conf:10
2023/05/25 18:51:01 [emerg] 1#1: host not found in upstream "backend" in /etc/nginx/nginx.conf:10
2023/05/25 18:52:02 [emerg] 1#1: host not found in upstream "backend" in /etc/nginx/nginx.conf:10
2023/05/25 18:53:02 [emerg] 1#1: host not found in upstream "backend" in /etc/nginx/nginx.conf:10
2023/05/25 18:54:03 [emerg] 1#1: host not found in upstream "backend" in /etc/nginx/nginx.conf:10
2023/05/25 18:55:03 [emerg] 1#1: host not found in upstream "backend" in /etc/nginx/nginx.conf:10
2023/05/25 18:56:03 [emerg] 1#1: host not found in upstream "backend" in /etc/nginx/nginx.conf:10
2023/05/25 18:57:04 [emerg] 1#1: host not found in upstream "backend" in /etc/nginx/nginx.conf:10
2023/05/25 18:58:04 [emerg] 1#1: host not found in upstream "backend" in /etc/nginx/nginx.conf:10
2023/05/25 18:59:05 [emerg] 1#1: host not found in upstream "backend" in /etc/nginx/nginx.conf:10
2023/05/25 19:00:05 [emerg] 1#1: host not found in upstream "backend" in /etc/nginx/nginx.conf:10
2023/05/25 19:01:05 [emerg] 1#1: host not found in upstream "backend" in /etc/nginx/nginx.conf:10
2023/05/25 19:02:06 [emerg] 1#1: host not found in upstream "backend" in /etc/nginx/nginx.conf:10
2023/05/25 19:03:07 [emerg] 1#1: host not found in upstream "backend" in /etc/nginx/nginx.conf:10
2023/05/25 19:04:07 [emerg] 1#1: host not found in upstream "backend" in /etc/nginx/nginx.conf:10
2023/05/25 19:05:07 [emerg] 1#1: host not found in upstream "backend" in /etc/nginx/nginx.conf:10
2023/05/25 19:06:08 [emerg] 1#1: host not found in upstream "backend" in /etc/nginx/nginx.conf:10
2023/05/25 19:07:08 [emerg] 1#1: host not found in upstream "backend" in /etc/nginx/nginx.conf:10
2023/05/25 19:08:09 [emerg] 1#1: host not found in upstream "backend" in /etc/nginx/nginx.conf:10
2023/05/25 19:09:09 [emerg] 1#1: host not found in upstream "backend" in /etc/nginx/nginx.conf:10
2023/05/25 19:10:10 [emerg] 1#1: host not found in upstream "backend" in /etc/nginx/nginx.conf:10
2023/05/25 19:11:10 [emerg] 1#1: host not found in upstream "backend" in /etc/nginx/nginx.conf:10
2023/05/25 19:12:10 [emerg] 1#1: host not found in upstream "backend" in /etc/nginx/nginx.conf:10
2023/05/25 19:13:11 [emerg] 1#1: host not found in upstream "backend" in /etc/nginx/nginx.conf:10
2023/05/25 19:14:11 [emerg] 1#1: host not found in upstream "backend" in /etc/nginx/nginx.conf:10
2023/05/25 19:15:12 [emerg] 1#1: host not found in upstream "backend" in /etc/nginx/nginx.conf:10
2023/05/25 19:16:13 [emerg] 1#1: host not found in upstream "backend" in /etc/nginx/nginx.conf:10
2023/05/25 19:17:13 [emerg] 1#1: host not found in upstream "backend" in /etc/nginx/nginx.conf:10
2023/05/25 19:18:14 [emerg] 1#1: host not found in upstream "backend" in /etc/nginx/nginx.conf:10
2023/05/25 19:19:14 [emerg] 1#1: host not found in upstream "backend" in /etc/nginx/nginx.conf:10
2023/05/25 19:20:16 [emerg] 1#1: host not found in upstream "backend" in /etc/nginx/nginx.conf:10
2023/05/25 19:21:16 [emerg] 1#1: host not found in upstream "backend" in /etc/nginx/nginx.conf:10
2023/05/25 19:22:17 [emerg] 1#1: host not found in upstream "backend" in /etc/nginx/nginx.conf:10
2023/05/25 19:23:17 [emerg] 1#1: host not found in upstream "backend" in /etc/nginx/nginx.conf:10
2023/05/25 19:24:18 [emerg] 1#1: host not found in upstream "backend" in /etc/nginx/nginx.conf:10
2023/05/25 19:25:19 [emerg] 1#1: host not found in upstream "backend" in /etc/nginx/nginx.conf:10
2023/05/25 19:26:19 [emerg] 1#1: host not found in upstream "backend" in /etc/nginx/nginx.conf:10
2023/05/25 19:27:20 [emerg] 1#1: host not found in upstream "backend" in /etc/nginx/nginx.conf:10
2023/05/25 19:28:20 [emerg] 1#1: host not found in upstream "backend" in /etc/nginx/nginx.conf:10
2023/05/25 19:29:21 [emerg] 1#1: host not found in upstream "backend" in /etc/nginx/nginx.conf:10
2023/05/25 19:30:21 [emerg] 1#1: host not found in upstream "backend" in /etc/nginx/nginx.conf:10
2023/05/25 19:31:22 [emerg] 1#1: host not found in upstream "backend" in /etc/nginx/nginx.conf:10
2023/05/25 19:32:23 [emerg] 1#1: host not found in upstream "backend" in /etc/nginx/nginx.conf:10
2023/05/25 19:33:23 [emerg] 1#1: host not found in upstream "backend" in /etc/nginx/nginx.conf:10
2023/05/25 19:34:24 [emerg] 1#1: host not found in upstream "backend" in /etc/nginx/nginx.conf:10
2023/05/25 19:35:24 [emerg] 1#1: host not found in upstream "backend" in /etc/nginx/nginx.conf:10
2023/05/25 19:36:25 [emerg] 1#1: host not found in upstream "backend" in /etc/nginx/nginx.conf:10
2023/05/25 19:37:26 [emerg] 1#1: host not found in upstream "backend" in /etc/nginx/nginx.conf:10
2023/05/25 19:38:26 [emerg] 1#1: host not found in upstream "backend" in /etc/nginx/nginx.conf:10
2023/05/25 19:39:26 [emerg] 1#1: host not found in upstream "backend" in /etc/nginx/nginx.conf:10
2023/05/25 19:40:27 [emerg] 1#1: host not found in upstream "backend" in /etc/nginx/nginx.conf:10
2023/05/25 19:41:28 [emerg] 1#1: host not found in upstream "backend" in /etc/nginx/nginx.conf:10
2023/05/25 19:42:28 [emerg] 1#1: host not found in upstream "backend" in /etc/nginx/nginx.conf:10
2023/05/25 19:43:28 [emerg] 1#1: host not found in upstream "backend" in /etc/nginx/nginx.conf:10
2023/05/25 19:44:29 [emerg] 1#1: host not found in upstream "backend" in /etc/nginx/nginx.conf:10
2023/05/25 19:45:30 [emerg] 1#1: host not found in upstream "backend" in /etc/nginx/nginx.conf:10
2023/05/25 19:46:30 [emerg] 1#1: host not found in upstream "backend" in /etc/nginx/nginx.conf:10
2023/05/25 19:47:31 [emerg] 1#1: host not found in upstream "backend" in /etc/nginx/nginx.conf:10
2023/05/25 19:48:31 [emerg] 1#1: host not found in upstream "backend" in /etc/nginx/nginx.conf:10
2023/05/25 19:49:32 [emerg] 1#1: host not found in upstream "backend" in /etc/nginx/nginx.conf:10
2023/05/25 19:50:32 [emerg] 1#1: host not found in upstream "backend" in /etc/nginx/nginx.conf:10
2023/05/25 19:51:33 [emerg] 1#1: host not found in upstream "backend" in /etc/nginx/nginx.conf:10
2023/05/25 19:52:33 [emerg] 1#1: host not found in upstream "backend" in /etc/nginx/nginx.conf:10
2023/05/25 19:53:34 [emerg] 1#1: host not found in upstream "backend" in /etc/nginx/nginx.conf:10
2023/05/25 19:54:34 [emerg] 1#1: host not found in upstream "backend" in /etc/nginx/nginx.conf:10
2023/05/25 19:55:35 [emerg] 1#1: host not found in upstream "backend" in /etc/nginx/nginx.conf:10
2023/05/25 19:56:35 [emerg] 1#1: host not found in upstream "backend" in /etc/nginx/nginx.conf:10
2023/05/25 19:57:36 [emerg] 1#1: host not found in upstream "backend" in /etc/nginx/nginx.conf:10
2023/05/25 19:58:36 [emerg] 1#1: host not found in upstream "backend" in /etc/nginx/nginx.conf:10
2023/05/25 19:59:37 [emerg] 1#1: host not found in upstream "backend" in /etc/nginx/nginx.conf:10
2023/05/25 20:00:37 [emerg] 1#1: host not found in upstream "backend" in /etc/nginx/nginx.conf:10
2023/05/25 20:01:38 [emerg] 1#1: host not found in upstream "backend" in /etc/nginx/nginx.conf:10
2023/05/25 20:02:38 [emerg] 1#1: host not found in upstream "backend" in /etc/nginx/nginx.conf:10
2023/05/25 20:03:39 [emerg] 1#1: host not found in upstream "backend" in /etc/nginx/nginx.conf:10
2023/05/25 20:04:40 [emerg] 1#1: host not found in upstream "backend" in /etc/nginx/nginx.conf:10
2023/05/25 20:05:40 [emerg] 1#1: host not found in upstream "backend" in /etc/nginx/nginx.conf:10
2023/05/25 20:06:41 [emerg] 1#1: host not found in upstream "backend" in /etc/nginx/nginx.conf:10
2023/05/25 20:07:42 [emerg] 1#1: host not found in upstream "backend" in /etc/nginx/nginx.conf:10
2023/05/25 20:08:43 [emerg] 1#1: host not found in upstream "backend" in /etc/nginx/nginx.conf:10
2023/05/25 20:09:43 [emerg] 1#1: host not found in upstream "backend" in /etc/nginx/nginx.conf:10
2023/05/25 20:10:44 [emerg] 1#1: host not found in upstream "backend" in /etc/nginx/nginx.conf:10
2023/05/25 20:11:45 [emerg] 1#1: host not found in upstream "backend" in /etc/nginx/nginx.conf:10
2023/05/25 20:12:45 [emerg] 1#1: host not found in upstream "backend" in /etc/nginx/nginx.conf:10
2023/05/25 20:13:45 [emerg] 1#1: host not found in upstream "backend" in /etc/nginx/nginx.conf:10
2023/05/25 20:14:46 [emerg] 1#1: host not found in upstream "backend" in /etc/nginx/nginx.conf:10
2023/05/25 20:15:46 [emerg] 1#1: host not found in upstream "backend" in /etc/nginx/nginx.conf:10
2023/05/25 20:16:47 [emerg] 1#1: host not found in upstream "backend" in /etc/nginx/nginx.conf:10
2023/05/25 20:17:47 [emerg] 1#1: host not found in upstream "backend" in /etc/nginx/nginx.conf:10
2023/05/25 20:18:48 [emerg] 1#1: host not found in upstream "backend" in /etc/nginx/nginx.conf:10
2023/05/25 20:19:49 [emerg] 1#1: host not found in upstream "backend" in /etc/nginx/nginx.conf:10
2023/05/25 20:20:50 [emerg] 1#1: host not found in upstream "backend" in /etc/nginx/nginx.conf:10
2023/05/25 20:21:50 [emerg] 1#1: host not found in upstream "backend" in /etc/nginx/nginx.conf:10
2023/05/25 20:22:51 [emerg] 1#1: host not found in upstream "backend" in /etc/nginx/nginx.conf:10
2023/05/25 20:23:52 [emerg] 1#1: host not found in upstream "backend" in /etc/nginx/nginx.conf:10
2023/05/25 20:24:53 [emerg] 1#1: host not found in upstream "backend" in /etc/nginx/nginx.conf:10
2023/05/25 20:25:53 [emerg] 1#1: host not found in upstream "backend" in /etc/nginx/nginx.conf:10
2023/05/25 20:26:54 [emerg] 1#1: host not found in upstream "backend" in /etc/nginx/nginx.conf:10
2023/05/25 20:27:55 [emerg] 1#1: host not found in upstream "backend" in /etc/nginx/nginx.conf:10
2023/05/25 20:28:55 [emerg] 1#1: host not found in upstream "backend" in /etc/nginx/nginx.conf:10
2023/05/25 20:29:56 [emerg] 1#1: host not found in upstream "backend" in /etc/nginx/nginx.conf:10
2023/05/25 20:30:56 [emerg] 1#1: host not found in upstream "backend" in /etc/nginx/nginx.conf:10
2023/05/25 20:31:57 [emerg] 1#1: host not found in upstream "backend" in /etc/nginx/nginx.conf:10
2023/05/25 20:32:57 [emerg] 1#1: host not found in upstream "backend" in /etc/nginx/nginx.conf:10
2023/05/25 20:33:58 [emerg] 1#1: host not found in upstream "backend" in /etc/nginx/nginx.conf:10
2023/05/25 20:34:58 [emerg] 1#1: host not found in upstream "backend" in /etc/nginx/nginx.conf:10
2023/05/25 20:35:59 [emerg] 1#1: host not found in upstream "backend" in /etc/nginx/nginx.conf:10
2023/05/25 20:36:59 [emerg] 1#1: host not found in upstream "backend" in /etc/nginx/nginx.conf:10
2023/05/25 20:37:59 [emerg] 1#1: host not found in upstream "backend" in /etc/nginx/nginx.conf:10
2023/05/25 20:39:00 [emerg] 1#1: host not found in upstream "backend" in /etc/nginx/nginx.conf:10
2023/05/25 20:40:01 [emerg] 1#1: host not found in upstream "backend" in /etc/nginx/nginx.conf:10
2023/05/25 20:41:01 [emerg] 1#1: host not found in upstream "backend" in /etc/nginx/nginx.conf:10
2023/05/25 20:42:01 [emerg] 1#1: host not found in upstream "backend" in /etc/nginx/nginx.conf:10
2023/05/25 20:43:02 [emerg] 1#1: host not found in upstream "backend" in /etc/nginx/nginx.conf:10
2023/05/25 20:44:03 [emerg] 1#1: host not found in upstream "backend" in /etc/nginx/nginx.conf:10
2023/05/25 20:45:03 [emerg] 1#1: host not found in upstream "backend" in /etc/nginx/nginx.conf:10
2023/05/25 20:46:04 [emerg] 1#1: host not found in upstream "backend" in /etc/nginx/nginx.conf:10
2023/05/25 20:47:04 [emerg] 1#1: host not found in upstream "backend" in /etc/nginx/nginx.conf:10
2023/05/25 20:48:05 [emerg] 1#1: host not found in upstream "backend" in /etc/nginx/nginx.conf:10
2023/05/25 20:49:05 [emerg] 1#1: host not found in upstream "backend" in /etc/nginx/nginx.conf:10
2023/05/25 20:50:06 [emerg] 1#1: host not found in upstream "backend" in /etc/nginx/nginx.conf:10
2023/05/25 20:51:06 [emerg] 1#1: host not found in upstream "backend" in /etc/nginx/nginx.conf:10
2023/05/25 20:52:07 [emerg] 1#1: host not found in upstream "backend" in /etc/nginx/nginx.conf:10
2023/05/25 20:53:07 [emerg] 1#1: host not found in upstream "backend" in /etc/nginx/nginx.conf:10
2023/05/25 20:54:08 [emerg] 1#1: host not found in upstream "backend" in /etc/nginx/nginx.conf:10
2023/05/25 20:55:08 [emerg] 1#1: host not found in upstream "backend" in /etc/nginx/nginx.conf:10
2023/05/25 20:56:09 [emerg] 1#1: host not found in upstream "backend" in /etc/nginx/nginx.conf:10
2023/05/25 20:57:10 [emerg] 1#1: host not found in upstream "backend" in /etc/nginx/nginx.conf:10
2023/05/25 20:58:10 [emerg] 1#1: host not found in upstream "backend" in /etc/nginx/nginx.conf:10
2023/05/25 20:59:11 [emerg] 1#1: host not found in upstream "backend" in /etc/nginx/nginx.conf:10
2023/05/25 21:00:11 [emerg] 1#1: host not found in upstream "backend" in /etc/nginx/nginx.conf:10
2023/05/25 21:01:12 [emerg] 1#1: host not found in upstream "backend" in /etc/nginx/nginx.conf:10
2023/05/25 21:02:13 [emerg] 1#1: host not found in upstream "backend" in /etc/nginx/nginx.conf:10
2023/05/25 21:03:13 [emerg] 1#1: host not found in upstream "backend" in /etc/nginx/nginx.conf:10
2023/05/25 21:04:14 [emerg] 1#1: host not found in upstream "backend" in /etc/nginx/nginx.conf:10
2023/05/25 21:05:14 [emerg] 1#1: host not found in upstream "backend" in /etc/nginx/nginx.conf:10
2023/05/25 21:06:14 [emerg] 1#1: host not found in upstream "backend" in /etc/nginx/nginx.conf:10
2023/05/25 21:07:15 [emerg] 1#1: host not found in upstream "backend" in /etc/nginx/nginx.conf:10
2023/05/25 21:08:15 [emerg] 1#1: host not found in upstream "backend" in /etc/nginx/nginx.conf:10
2023/05/25 21:09:16 [emerg] 1#1: host not found in upstream "backend" in /etc/nginx/nginx.conf:10
2023/05/25 21:10:16 [emerg] 1#1: host not found in upstream "backend" in /etc/nginx/nginx.conf:10
2023/05/25 21:11:17 [emerg] 1#1: host not found in upstream "backend" in /etc/nginx/nginx.conf:10
2023/05/25 21:12:17 [emerg] 1#1: host not found in upstream "backend" in /etc/nginx/nginx.conf:10
2023/05/25 21:13:18 [emerg] 1#1: host not found in upstream "backend" in /etc/nginx/nginx.conf:10
2023/05/25 21:14:18 [emerg] 1#1: host not found in upstream "backend" in /etc/nginx/nginx.conf:10
2023/05/25 21:15:19 [emerg] 1#1: host not found in upstream "backend" in /etc/nginx/nginx.conf:10
2023/05/25 21:16:19 [emerg] 1#1: host not found in upstream "backend" in /etc/nginx/nginx.conf:10
2023/05/25 21:17:20 [emerg] 1#1: host not found in upstream "backend" in /etc/nginx/nginx.conf:10
2023/05/25 21:18:20 [emerg] 1#1: host not found in upstream "backend" in /etc/nginx/nginx.conf:10
2023/05/25 21:19:21 [emerg] 1#1: host not found in upstream "backend" in /etc/nginx/nginx.conf:10
2023/05/25 21:20:21 [emerg] 1#1: host not found in upstream "backend" in /etc/nginx/nginx.conf:10
2023/05/25 21:21:22 [emerg] 1#1: host not found in upstream "backend" in /etc/nginx/nginx.conf:10
2023/05/25 21:22:22 [emerg] 1#1: host not found in upstream "backend" in /etc/nginx/nginx.conf:10
2023/05/25 21:23:22 [emerg] 1#1: host not found in upstream "backend" in /etc/nginx/nginx.conf:10
2023/05/25 21:24:23 [emerg] 1#1: host not found in upstream "backend" in /etc/nginx/nginx.conf:10
2023/05/25 21:25:24 [emerg] 1#1: host not found in upstream "backend" in /etc/nginx/nginx.conf:10
2023/05/25 21:26:24 [emerg] 1#1: host not found in upstream "backend" in /etc/nginx/nginx.conf:10
2023/05/25 21:27:25 [emerg] 1#1: host not found in upstream "backend" in /etc/nginx/nginx.conf:10
2023/05/25 21:28:25 [emerg] 1#1: host not found in upstream "backend" in /etc/nginx/nginx.conf:10
2023/05/25 21:29:26 [emerg] 1#1: host not found in upstream "backend" in /etc/nginx/nginx.conf:10
2023/05/25 21:30:26 [emerg] 1#1: host not found in upstream "backend" in /etc/nginx/nginx.conf:10
2023/05/25 21:31:27 [emerg] 1#1: host not found in upstream "backend" in /etc/nginx/nginx.conf:10
2023/05/25 21:32:27 [emerg] 1#1: host not found in upstream "backend" in /etc/nginx/nginx.conf:10
2023/05/25 21:33:28 [emerg] 1#1: host not found in upstream "backend" in /etc/nginx/nginx.conf:10
2023/05/25 21:34:28 [emerg] 1#1: host not found in upstream "backend" in /etc/nginx/nginx.conf:10
2023/05/25 21:35:28 [emerg] 1#1: host not found in upstream "backend" in /etc/nginx/nginx.conf:10
2023/05/25 21:36:29 [emerg] 1#1: host not found in upstream "backend" in /etc/nginx/nginx.conf:10
2023/05/25 21:37:29 [emerg] 1#1: host not found in upstream "backend" in /etc/nginx/nginx.conf:10
2023/05/25 21:38:30 [emerg] 1#1: host not found in upstream "backend" in /etc/nginx/nginx.conf:10
2023/05/25 21:39:30 [emerg] 1#1: host not found in upstream "backend" in /etc/nginx/nginx.conf:10
2023/05/25 21:40:31 [emerg] 1#1: host not found in upstream "backend" in /etc/nginx/nginx.conf:10
2023/05/25 21:41:31 [emerg] 1#1: host not found in upstream "backend" in /etc/nginx/nginx.conf:10
2023/05/25 21:42:32 [emerg] 1#1: host not found in upstream "backend" in /etc/nginx/nginx.conf:10
2023/05/25 21:43:32 [emerg] 1#1: host not found in upstream "backend" in /etc/nginx/nginx.conf:10
2023/05/25 21:44:33 [emerg] 1#1: host not found in upstream "backend" in /etc/nginx/nginx.conf:10
2023/05/25 21:45:33 [emerg] 1#1: host not found in upstream "backend" in /etc/nginx/nginx.conf:10
2023/05/25 21:46:34 [emerg] 1#1: host not found in upstream "backend" in /etc/nginx/nginx.conf:10
2023/05/25 21:47:34 [emerg] 1#1: host not found in upstream "backend" in /etc/nginx/nginx.conf:10
2023/05/25 21:48:34 [emerg] 1#1: host not found in upstream "backend" in /etc/nginx/nginx.conf:10
2023/05/25 21:49:35 [emerg] 1#1: host not found in upstream "backend" in /etc/nginx/nginx.conf:10
2023/05/25 21:50:35 [emerg] 1#1: host not found in upstream "backend" in /etc/nginx/nginx.conf:10
2023/05/25 21:51:36 [emerg] 1#1: host not found in upstream "backend" in /etc/nginx/nginx.conf:10
2023/05/25 21:52:36 [emerg] 1#1: host not found in upstream "backend" in /etc/nginx/nginx.conf:10
2023/05/25 21:53:36 [emerg] 1#1: host not found in upstream "backend" in /etc/nginx/nginx.conf:10
2023/05/25 21:54:37 [emerg] 1#1: host not found in upstream "backend" in /etc/nginx/nginx.conf:10
2023/05/25 21:55:37 [emerg] 1#1: host not found in upstream "backend" in /etc/nginx/nginx.conf:10
2023/05/25 21:56:38 [emerg] 1#1: host not found in upstream "backend" in /etc/nginx/nginx.conf:10
2023/05/25 21:57:38 [emerg] 1#1: host not found in upstream "backend" in /etc/nginx/nginx.conf:10
2023/05/25 21:58:38 [emerg] 1#1: host not found in upstream "backend" in /etc/nginx/nginx.conf:10
2023/05/25 21:59:39 [emerg] 1#1: host not found in upstream "backend" in /etc/nginx/nginx.conf:10
2023/05/25 22:00:39 [emerg] 1#1: host not found in upstream "backend" in /etc/nginx/nginx.conf:10
2023/05/25 22:01:40 [emerg] 1#1: host not found in upstream "backend" in /etc/nginx/nginx.conf:10
2023/05/25 22:02:40 [emerg] 1#1: host not found in upstream "backend" in /etc/nginx/nginx.conf:10
2023/05/25 22:03:40 [emerg] 1#1: host not found in upstream "backend" in /etc/nginx/nginx.conf:10
2023/05/25 22:04:41 [emerg] 1#1: host not found in upstream "backend" in /etc/nginx/nginx.conf:10
2023/05/25 22:05:41 [emerg] 1#1: host not found in upstream "backend" in /etc/nginx/nginx.conf:10
2023/05/25 22:06:42 [emerg] 1#1: host not found in upstream "backend" in /etc/nginx/nginx.conf:10
2023/05/25 22:07:42 [emerg] 1#1: host not found in upstream "backend" in /etc/nginx/nginx.conf:10
2023/05/25 22:08:43 [emerg] 1#1: host not found in upstream "backend" in /etc/nginx/nginx.conf:10
2023/05/25 22:09:43 [emerg] 1#1: host not found in upstream "backend" in /etc/nginx/nginx.conf:10
2023/05/25 22:10:43 [emerg] 1#1: host not found in upstream "backend" in /etc/nginx/nginx.conf:10
2023/05/25 22:11:44 [emerg] 1#1: host not found in upstream "backend" in /etc/nginx/nginx.conf:10
2023/05/25 22:12:44 [emerg] 1#1: host not found in upstream "backend" in /etc/nginx/nginx.conf:10
2023/05/25 22:13:45 [emerg] 1#1: host not found in upstream "backend" in /etc/nginx/nginx.conf:10
2023/05/25 22:14:45 [emerg] 1#1: host not found in upstream "backend" in /etc/nginx/nginx.conf:10
2023/05/25 22:15:45 [emerg] 1#1: host not found in upstream "backend" in /etc/nginx/nginx.conf:10
2023/05/25 22:16:46 [emerg] 1#1: host not found in upstream "backend" in /etc/nginx/nginx.conf:10
2023/05/25 22:17:46 [emerg] 1#1: host not found in upstream "backend" in /etc/nginx/nginx.conf:10
2023/05/25 22:18:47 [emerg] 1#1: host not found in upstream "backend" in /etc/nginx/nginx.conf:10
2023/05/25 22:19:47 [emerg] 1#1: host not found in upstream "backend" in /etc/nginx/nginx.conf:10
2023/05/25 22:20:48 [emerg] 1#1: host not found in upstream "backend" in /etc/nginx/nginx.conf:10
2023/05/25 22:21:48 [emerg] 1#1: host not found in upstream "backend" in /etc/nginx/nginx.conf:10
2023/05/25 22:22:49 [emerg] 1#1: host not found in upstream "backend" in /etc/nginx/nginx.conf:10
2023/05/25 22:23:49 [emerg] 1#1: host not found in upstream "backend" in /etc/nginx/nginx.conf:10
2023/05/25 22:24:49 [emerg] 1#1: host not found in upstream "backend" in /etc/nginx/nginx.conf:10
2023/05/25 22:25:50 [emerg] 1#1: host not found in upstream "backend" in /etc/nginx/nginx.conf:10
2023/05/25 22:26:51 [emerg] 1#1: host not found in upstream "backend" in /etc/nginx/nginx.conf:10
2023/05/25 22:27:51 [emerg] 1#1: host not found in upstream "backend" in /etc/nginx/nginx.conf:10
2023/05/25 22:28:52 [emerg] 1#1: host not found in upstream "backend" in /etc/nginx/nginx.conf:10
2023/05/25 22:29:52 [emerg] 1#1: host not found in upstream "backend" in /etc/nginx/nginx.conf:10
2023/05/25 22:30:52 [emerg] 1#1: host not found in upstream "backend" in /etc/nginx/nginx.conf:10
2023/05/25 22:31:53 [emerg] 1#1: host not found in upstream "backend" in /etc/nginx/nginx.conf:10
2023/05/25 22:32:53 [emerg] 1#1: host not found in upstream "backend" in /etc/nginx/nginx.conf:10
2023/05/25 22:33:54 [emerg] 1#1: host not found in upstream "backend" in /etc/nginx/nginx.conf:10
2023/05/25 22:34:54 [emerg] 1#1: host not found in upstream "backend" in /etc/nginx/nginx.conf:10
2023/05/25 22:35:55 [emerg] 1#1: host not found in upstream "backend" in /etc/nginx/nginx.conf:10
2023/05/25 22:36:55 [emerg] 1#1: host not found in upstream "backend" in /etc/nginx/nginx.conf:10
2023/05/25 22:37:55 [emerg] 1#1: host not found in upstream "backend" in /etc/nginx/nginx.conf:10
2023/05/25 22:38:56 [emerg] 1#1: host not found in upstream "backend" in /etc/nginx/nginx.conf:10
2023/05/25 22:39:56 [emerg] 1#1: host not found in upstream "backend" in /etc/nginx/nginx.conf:10
2023/05/25 22:40:57 [emerg] 1#1: host not found in upstream "backend" in /etc/nginx/nginx.conf:10
2023/05/25 22:41:57 [emerg] 1#1: host not found in upstream "backend" in /etc/nginx/nginx.conf:10
2023/05/25 22:42:57 [emerg] 1#1: host not found in upstream "backend" in /etc/nginx/nginx.conf:10
2023/05/25 22:43:58 [emerg] 1#1: host not found in upstream "backend" in /etc/nginx/nginx.conf:10
2023/05/25 22:44:59 [emerg] 1#1: host not found in upstream "backend" in /etc/nginx/nginx.conf:10
2023/05/25 22:45:59 [emerg] 1#1: host not found in upstream "backend" in /etc/nginx/nginx.conf:10
2023/05/25 22:47:00 [emerg] 1#1: host not found in upstream "backend" in /etc/nginx/nginx.conf:10
2023/05/25 22:48:00 [emerg] 1#1: host not found in upstream "backend" in /etc/nginx/nginx.conf:10
2023/05/25 22:49:00 [emerg] 1#1: host not found in upstream "backend" in /etc/nginx/nginx.conf:10
2023/05/25 22:50:01 [emerg] 1#1: host not found in upstream "backend" in /etc/nginx/nginx.conf:10
2023/05/25 22:51:01 [emerg] 1#1: host not found in upstream "backend" in /etc/nginx/nginx.conf:10
2023/05/25 22:52:02 [emerg] 1#1: host not found in upstream "backend" in /etc/nginx/nginx.conf:10
2023/05/25 22:53:02 [emerg] 1#1: host not found in upstream "backend" in /etc/nginx/nginx.conf:10
2023/05/25 22:54:02 [emerg] 1#1: host not found in upstream "backend" in /etc/nginx/nginx.conf:10
2023/05/25 22:55:03 [emerg] 1#1: host not found in upstream "backend" in /etc/nginx/nginx.conf:10
2023/05/25 22:56:03 [emerg] 1#1: host not found in upstream "backend" in /etc/nginx/nginx.conf:10
2023/05/25 22:57:04 [emerg] 1#1: host not found in upstream "backend" in /etc/nginx/nginx.conf:10
2023/05/25 22:58:04 [emerg] 1#1: host not found in upstream "backend" in /etc/nginx/nginx.conf:10
2023/05/25 22:59:05 [emerg] 1#1: host not found in upstream "backend" in /etc/nginx/nginx.conf:10
2023/05/25 23:00:05 [emerg] 1#1: host not found in upstream "backend" in /etc/nginx/nginx.conf:10
2023/05/25 23:01:06 [emerg] 1#1: host not found in upstream "backend" in /etc/nginx/nginx.conf:10
2023/05/25 23:02:06 [emerg] 1#1: host not found in upstream "backend" in /etc/nginx/nginx.conf:10
2023/05/25 23:03:07 [emerg] 1#1: host not found in upstream "backend" in /etc/nginx/nginx.conf:10
2023/05/25 23:04:07 [emerg] 1#1: host not found in upstream "backend" in /etc/nginx/nginx.conf:10
2023/05/25 23:05:08 [emerg] 1#1: host not found in upstream "backend" in /etc/nginx/nginx.conf:10
2023/05/25 23:06:08 [emerg] 1#1: host not found in upstream "backend" in /etc/nginx/nginx.conf:10
2023/05/25 23:07:09 [emerg] 1#1: host not found in upstream "backend" in /etc/nginx/nginx.conf:10
2023/05/25 23:08:09 [emerg] 1#1: host not found in upstream "backend" in /etc/nginx/nginx.conf:10
2023/05/25 23:09:10 [emerg] 1#1: host not found in upstream "backend" in /etc/nginx/nginx.conf:10
2023/05/25 23:10:10 [emerg] 1#1: host not found in upstream "backend" in /etc/nginx/nginx.conf:10
2023/05/25 23:11:11 [emerg] 1#1: host not found in upstream "backend" in /etc/nginx/nginx.conf:10
2023/05/25 23:12:12 [emerg] 1#1: host not found in upstream "backend" in /etc/nginx/nginx.conf:10
2023/05/25 23:13:13 [emerg] 1#1: host not found in upstream "backend" in /etc/nginx/nginx.conf:10
2023/05/25 23:14:14 [emerg] 1#1: host not found in upstream "backend" in /etc/nginx/nginx.conf:10
2023/05/25 23:15:14 [emerg] 1#1: host not found in upstream "backend" in /etc/nginx/nginx.conf:10
2023/05/25 23:16:15 [emerg] 1#1: host not found in upstream "backend" in /etc/nginx/nginx.conf:10
2023/05/25 23:17:15 [emerg] 1#1: host not found in upstream "backend" in /etc/nginx/nginx.conf:10
2023/05/25 23:18:16 [emerg] 1#1: host not found in upstream "backend" in /etc/nginx/nginx.conf:10
2023/05/25 23:19:16 [emerg] 1#1: host not found in upstream "backend" in /etc/nginx/nginx.conf:10
2023/05/25 23:20:16 [emerg] 1#1: host not found in upstream "backend" in /etc/nginx/nginx.conf:10
2023/05/25 23:21:18 [emerg] 1#1: host not found in upstream "backend" in /etc/nginx/nginx.conf:10
2023/05/25 23:22:20 [emerg] 1#1: host not found in upstream "backend" in /etc/nginx/nginx.conf:10
2023/06/18 17:27:46 [emerg] 1#1: host not found in upstream "backend" in /etc/nginx/nginx.conf:10
2023/06/18 17:28:46 [emerg] 1#1: host not found in upstream "backend" in /etc/nginx/nginx.conf:10
2023/06/18 17:29:47 [emerg] 1#1: host not found in upstream "backend" in /etc/nginx/nginx.conf:10
2023/06/18 17:30:47 [emerg] 1#1: host not found in upstream "backend" in /etc/nginx/nginx.conf:10
2023/06/18 17:31:47 [emerg] 1#1: host not found in upstream "backend" in /etc/nginx/nginx.conf:10
2023/06/18 17:32:48 [emerg] 1#1: host not found in upstream "backend" in /etc/nginx/nginx.conf:10
2023/06/18 17:33:48 [emerg] 1#1: host not found in upstream "backend" in /etc/nginx/nginx.conf:10
2023/06/18 17:34:49 [emerg] 1#1: host not found in upstream "backend" in /etc/nginx/nginx.conf:10
2023/06/18 17:35:49 [emerg] 1#1: host not found in upstream "backend" in /etc/nginx/nginx.conf:10
2023/06/18 17:36:49 [emerg] 1#1: host not found in upstream "backend" in /etc/nginx/nginx.conf:10
2023/06/18 17:37:50 [emerg] 1#1: host not found in upstream "backend" in /etc/nginx/nginx.conf:10
2023/06/18 17:38:50 [emerg] 1#1: host not found in upstream "backend" in /etc/nginx/nginx.conf:10
2023/06/18 17:39:50 [emerg] 1#1: host not found in upstream "backend" in /etc/nginx/nginx.conf:10
2023/06/18 17:40:51 [emerg] 1#1: host not found in upstream "backend" in /etc/nginx/nginx.conf:10
2023/06/18 17:41:51 [emerg] 1#1: host not found in upstream "backend" in /etc/nginx/nginx.conf:10
2023/06/18 17:42:51 [emerg] 1#1: host not found in upstream "backend" in /etc/nginx/nginx.conf:10
2023/06/18 17:43:51 [emerg] 1#1: host not found in upstream "backend" in /etc/nginx/nginx.conf:10
2023/06/18 17:44:52 [emerg] 1#1: host not found in upstream "backend" in /etc/nginx/nginx.conf:10
2023/06/18 17:45:52 [emerg] 1#1: host not found in upstream "backend" in /etc/nginx/nginx.conf:10
2023/06/18 17:46:52 [emerg] 1#1: host not found in upstream "backend" in /etc/nginx/nginx.conf:10
2023/06/18 17:47:53 [emerg] 1#1: host not found in upstream "backend" in /etc/nginx/nginx.conf:10
2023/06/18 17:48:53 [emerg] 1#1: host not found in upstream "backend" in /etc/nginx/nginx.conf:10
2023/06/18 17:49:53 [emerg] 1#1: host not found in upstream "backend" in /etc/nginx/nginx.conf:10
2023/06/18 17:50:54 [emerg] 1#1: host not found in upstream "backend" in /etc/nginx/nginx.conf:10
2023/06/18 17:51:54 [emerg] 1#1: host not found in upstream "backend" in /etc/nginx/nginx.conf:10
2023/06/18 17:52:54 [emerg] 1#1: host not found in upstream "backend" in /etc/nginx/nginx.conf:10
2023/06/18 17:53:54 [emerg] 1#1: host not found in upstream "backend" in /etc/nginx/nginx.conf:10
2023/06/18 17:54:55 [emerg] 1#1: host not found in upstream "backend" in /etc/nginx/nginx.conf:10
2023/06/18 17:55:55 [emerg] 1#1: host not found in upstream "backend" in /etc/nginx/nginx.conf:10
2023/06/18 17:56:55 [emerg] 1#1: host not found in upstream "backend" in /etc/nginx/nginx.conf:10
2023/06/18 17:57:56 [emerg] 1#1: host not found in upstream "backend" in /etc/nginx/nginx.conf:10
2023/06/18 17:58:56 [emerg] 1#1: host not found in upstream "backend" in /etc/nginx/nginx.conf:10
2023/06/18 17:59:56 [emerg] 1#1: host not found in upstream "backend" in /etc/nginx/nginx.conf:10
2023/06/18 18:00:56 [emerg] 1#1: host not found in upstream "backend" in /etc/nginx/nginx.conf:10
2023/06/18 18:01:57 [emerg] 1#1: host not found in upstream "backend" in /etc/nginx/nginx.conf:10
2023/06/18 18:02:57 [emerg] 1#1: host not found in upstream "backend" in /etc/nginx/nginx.conf:10
2023/06/18 18:03:57 [emerg] 1#1: host not found in upstream "backend" in /etc/nginx/nginx.conf:10
2023/06/18 18:04:58 [emerg] 1#1: host not found in upstream "backend" in /etc/nginx/nginx.conf:10
2023/06/18 18:05:58 [emerg] 1#1: host not found in upstream "backend" in /etc/nginx/nginx.conf:10
2023/06/18 18:06:58 [emerg] 1#1: host not found in upstream "backend" in /etc/nginx/nginx.conf:10
2023/06/18 18:07:59 [emerg] 1#1: host not found in upstream "backend" in /etc/nginx/nginx.conf:10
2023/06/18 18:08:59 [emerg] 1#1: host not found in upstream "backend" in /etc/nginx/nginx.conf:10
2023/06/18 18:09:59 [emerg] 1#1: host not found in upstream "backend" in /etc/nginx/nginx.conf:10
2023/06/18 18:10:59 [emerg] 1#1: host not found in upstream "backend" in /etc/nginx/nginx.conf:10
2023/06/18 18:12:00 [emerg] 1#1: host not found in upstream "backend" in /etc/nginx/nginx.conf:10
2023/06/18 18:13:00 [emerg] 1#1: host not found in upstream "backend" in /etc/nginx/nginx.conf:10
2023/06/18 18:14:00 [emerg] 1#1: host not found in upstream "backend" in /etc/nginx/nginx.conf:10
2023/06/18 18:15:01 [emerg] 1#1: host not found in upstream "backend" in /etc/nginx/nginx.conf:10
2023/06/18 18:16:01 [emerg] 1#1: host not found in upstream "backend" in /etc/nginx/nginx.conf:10
2023/06/18 18:17:01 [emerg] 1#1: host not found in upstream "backend" in /etc/nginx/nginx.conf:10
2023/06/18 18:18:02 [emerg] 1#1: host not found in upstream "backend" in /etc/nginx/nginx.conf:10
2023/06/18 18:19:02 [emerg] 1#1: host not found in upstream "backend" in /etc/nginx/nginx.conf:10
2023/06/18 18:20:02 [emerg] 1#1: host not found in upstream "backend" in /etc/nginx/nginx.conf:10
2023/06/18 18:21:02 [emerg] 1#1: host not found in upstream "backend" in /etc/nginx/nginx.conf:10
2023/06/18 18:22:03 [emerg] 1#1: host not found in upstream "backend" in /etc/nginx/nginx.conf:10
2023/06/18 18:23:03 [emerg] 1#1: host not found in upstream "backend" in /etc/nginx/nginx.conf:10
2023/06/18 18:24:03 [emerg] 1#1: host not found in upstream "backend" in /etc/nginx/nginx.conf:10
2023/06/18 18:25:04 [emerg] 1#1: host not found in upstream "backend" in /etc/nginx/nginx.conf:10
2023/06/18 18:26:04 [emerg] 1#1: host not found in upstream "backend" in /etc/nginx/nginx.conf:10
2023/06/18 18:27:04 [emerg] 1#1: host not found in upstream "backend" in /etc/nginx/nginx.conf:10
2023/06/18 18:28:05 [emerg] 1#1: host not found in upstream "backend" in /etc/nginx/nginx.conf:10
2023/06/18 18:29:05 [emerg] 1#1: host not found in upstream "backend" in /etc/nginx/nginx.conf:10
2023/06/18 18:30:05 [emerg] 1#1: host not found in upstream "backend" in /etc/nginx/nginx.conf:10
2023/06/18 18:31:05 [emerg] 1#1: host not found in upstream "backend" in /etc/nginx/nginx.conf:10
2023/06/18 18:32:06 [emerg] 1#1: host not found in upstream "backend" in /etc/nginx/nginx.conf:10
2023/06/18 18:33:06 [emerg] 1#1: host not found in upstream "backend" in /etc/nginx/nginx.conf:10
2023/06/18 18:34:06 [emerg] 1#1: host not found in upstream "backend" in /etc/nginx/nginx.conf:10
2023/06/18 18:35:07 [emerg] 1#1: host not found in upstream "backend" in /etc/nginx/nginx.conf:10
2023/06/18 18:36:07 [emerg] 1#1: host not found in upstream "backend" in /etc/nginx/nginx.conf:10
2023/06/18 18:37:07 [emerg] 1#1: host not found in upstream "backend" in /etc/nginx/nginx.conf:10
2023/06/18 18:38:08 [emerg] 1#1: host not found in upstream "backend" in /etc/nginx/nginx.conf:10
2023/06/18 18:39:08 [emerg] 1#1: host not found in upstream "backend" in /etc/nginx/nginx.conf:10
2023/06/18 18:40:08 [emerg] 1#1: host not found in upstream "backend" in /etc/nginx/nginx.conf:10
2023/06/18 18:41:08 [emerg] 1#1: host not found in upstream "backend" in /etc/nginx/nginx.conf:10
2023/06/18 18:42:09 [emerg] 1#1: host not found in upstream "backend" in /etc/nginx/nginx.conf:10
2023/06/18 18:43:09 [emerg] 1#1: host not found in upstream "backend" in /etc/nginx/nginx.conf:10
2023/06/18 18:44:09 [emerg] 1#1: host not found in upstream "backend" in /etc/nginx/nginx.conf:10
2023/06/18 18:45:10 [emerg] 1#1: host not found in upstream "backend" in /etc/nginx/nginx.conf:10
2023/06/18 18:46:10 [emerg] 1#1: host not found in upstream "backend" in /etc/nginx/nginx.conf:10
2023/06/18 18:47:10 [emerg] 1#1: host not found in upstream "backend" in /etc/nginx/nginx.conf:10
2023/06/18 18:48:11 [emerg] 1#1: host not found in upstream "backend" in /etc/nginx/nginx.conf:10
2023/06/18 18:49:11 [emerg] 1#1: host not found in upstream "backend" in /etc/nginx/nginx.conf:10
2023/06/18 18:50:11 [emerg] 1#1: host not found in upstream "backend" in /etc/nginx/nginx.conf:10
2023/06/18 18:51:12 [emerg] 1#1: host not found in upstream "backend" in /etc/nginx/nginx.conf:10
2023/06/18 18:52:12 [emerg] 1#1: host not found in upstream "backend" in /etc/nginx/nginx.conf:10
2023/06/18 18:53:12 [emerg] 1#1: host not found in upstream "backend" in /etc/nginx/nginx.conf:10
2023/06/18 18:54:12 [emerg] 1#1: host not found in upstream "backend" in /etc/nginx/nginx.conf:10
2023/06/18 18:55:13 [emerg] 1#1: host not found in upstream "backend" in /etc/nginx/nginx.conf:10
2023/06/18 18:56:13 [emerg] 1#1: host not found in upstream "backend" in /etc/nginx/nginx.conf:10
2023/06/18 18:57:13 [emerg] 1#1: host not found in upstream "backend" in /etc/nginx/nginx.conf:10
2023/06/18 18:58:14 [emerg] 1#1: host not found in upstream "backend" in /etc/nginx/nginx.conf:10
2023/06/18 18:59:14 [emerg] 1#1: host not found in upstream "backend" in /etc/nginx/nginx.conf:10
2023/06/18 19:00:14 [emerg] 1#1: host not found in upstream "backend" in /etc/nginx/nginx.conf:10
2023/06/18 19:01:15 [emerg] 1#1: host not found in upstream "backend" in /etc/nginx/nginx.conf:10
2023/06/18 19:02:15 [emerg] 1#1: host not found in upstream "backend" in /etc/nginx/nginx.conf:10
2023/06/18 19:03:15 [emerg] 1#1: host not found in upstream "backend" in /etc/nginx/nginx.conf:10
2023/06/18 19:04:15 [emerg] 1#1: host not found in upstream "backend" in /etc/nginx/nginx.conf:10
2023/06/18 19:05:16 [emerg] 1#1: host not found in upstream "backend" in /etc/nginx/nginx.conf:10
2023/06/18 19:06:16 [emerg] 1#1: host not found in upstream "backend" in /etc/nginx/nginx.conf:10
2023/06/18 19:07:16 [emerg] 1#1: host not found in upstream "backend" in /etc/nginx/nginx.conf:10
2023/06/18 19:08:17 [emerg] 1#1: host not found in upstream "backend" in /etc/nginx/nginx.conf:10
2023/06/18 19:09:17 [emerg] 1#1: host not found in upstream "backend" in /etc/nginx/nginx.conf:10
2023/06/18 19:10:17 [emerg] 1#1: host not found in upstream "backend" in /etc/nginx/nginx.conf:10
2023/06/18 19:11:18 [emerg] 1#1: host not found in upstream "backend" in /etc/nginx/nginx.conf:10
2023/06/18 19:12:18 [emerg] 1#1: host not found in upstream "backend" in /etc/nginx/nginx.conf:10
2023/06/18 19:13:19 [emerg] 1#1: host not found in upstream "backend" in /etc/nginx/nginx.conf:10
2023/06/18 19:14:19 [emerg] 1#1: host not found in upstream "backend" in /etc/nginx/nginx.conf:10
2023/06/18 19:15:19 [emerg] 1#1: host not found in upstream "backend" in /etc/nginx/nginx.conf:10
2023/06/18 19:16:20 [emerg] 1#1: host not found in upstream "backend" in /etc/nginx/nginx.conf:10
2023/06/18 19:17:20 [emerg] 1#1: host not found in upstream "backend" in /etc/nginx/nginx.conf:10
2023/06/18 19:18:20 [emerg] 1#1: host not found in upstream "backend" in /etc/nginx/nginx.conf:10
2023/06/18 19:19:21 [emerg] 1#1: host not found in upstream "backend" in /etc/nginx/nginx.conf:10
2023/06/18 19:20:21 [emerg] 1#1: host not found in upstream "backend" in /etc/nginx/nginx.conf:10
2023/06/18 19:21:21 [emerg] 1#1: host not found in upstream "backend" in /etc/nginx/nginx.conf:10
2023/06/18 19:22:22 [emerg] 1#1: host not found in upstream "backend" in /etc/nginx/nginx.conf:10
2023/06/18 19:23:22 [emerg] 1#1: host not found in upstream "backend" in /etc/nginx/nginx.conf:10
2023/06/18 19:24:22 [emerg] 1#1: host not found in upstream "backend" in /etc/nginx/nginx.conf:10
2023/06/18 19:25:23 [emerg] 1#1: host not found in upstream "backend" in /etc/nginx/nginx.conf:10
2023/06/18 19:26:23 [emerg] 1#1: host not found in upstream "backend" in /etc/nginx/nginx.conf:10
2023/06/18 19:27:23 [emerg] 1#1: host not found in upstream "backend" in /etc/nginx/nginx.conf:10
2023/06/18 19:28:24 [emerg] 1#1: host not found in upstream "backend" in /etc/nginx/nginx.conf:10
2023/06/18 19:29:24 [emerg] 1#1: host not found in upstream "backend" in /etc/nginx/nginx.conf:10
2023/06/18 19:30:24 [emerg] 1#1: host not found in upstream "backend" in /etc/nginx/nginx.conf:10
2023/06/18 19:31:25 [emerg] 1#1: host not found in upstream "backend" in /etc/nginx/nginx.conf:10
2023/06/18 19:32:25 [emerg] 1#1: host not found in upstream "backend" in /etc/nginx/nginx.conf:10
2023/06/18 19:33:25 [emerg] 1#1: host not found in upstream "backend" in /etc/nginx/nginx.conf:10
2023/06/18 19:34:26 [emerg] 1#1: host not found in upstream "backend" in /etc/nginx/nginx.conf:10
2023/06/18 19:35:26 [emerg] 1#1: host not found in upstream "backend" in /etc/nginx/nginx.conf:10
2023/06/18 19:36:26 [emerg] 1#1: host not found in upstream "backend" in /etc/nginx/nginx.conf:10
2023/06/18 19:37:26 [emerg] 1#1: host not found in upstream "backend" in /etc/nginx/nginx.conf:10
2023/06/18 19:38:27 [emerg] 1#1: host not found in upstream "backend" in /etc/nginx/nginx.conf:10
2023/06/18 19:39:27 [emerg] 1#1: host not found in upstream "backend" in /etc/nginx/nginx.conf:10
2023/06/18 19:40:27 [emerg] 1#1: host not found in upstream "backend" in /etc/nginx/nginx.conf:10
2023/06/18 19:41:28 [emerg] 1#1: host not found in upstream "backend" in /etc/nginx/nginx.conf:10
2023/06/18 19:42:28 [emerg] 1#1: host not found in upstream "backend" in /etc/nginx/nginx.conf:10
2023/06/18 19:43:28 [emerg] 1#1: host not found in upstream "backend" in /etc/nginx/nginx.conf:10
2023/06/18 19:44:29 [emerg] 1#1: host not found in upstream "backend" in /etc/nginx/nginx.conf:10
2023/06/18 19:45:29 [emerg] 1#1: host not found in upstream "backend" in /etc/nginx/nginx.conf:10
2023/06/18 19:46:29 [emerg] 1#1: host not found in upstream "backend" in /etc/nginx/nginx.conf:10
2023/06/18 19:47:30 [emerg] 1#1: host not found in upstream "backend" in /etc/nginx/nginx.conf:10
2023/06/18 19:48:30 [emerg] 1#1: host not found in upstream "backend" in /etc/nginx/nginx.conf:10
2023/06/18 19:49:30 [emerg] 1#1: host not found in upstream "backend" in /etc/nginx/nginx.conf:10
2023/06/18 19:50:31 [emerg] 1#1: host not found in upstream "backend" in /etc/nginx/nginx.conf:10
2023/06/18 19:51:31 [emerg] 1#1: host not found in upstream "backend" in /etc/nginx/nginx.conf:10
2023/06/18 19:52:31 [emerg] 1#1: host not found in upstream "backend" in /etc/nginx/nginx.conf:10
2023/06/18 19:53:31 [emerg] 1#1: host not found in upstream "backend" in /etc/nginx/nginx.conf:10
2023/06/18 19:54:32 [emerg] 1#1: host not found in upstream "backend" in /etc/nginx/nginx.conf:10
2023/06/18 19:55:32 [emerg] 1#1: host not found in upstream "backend" in /etc/nginx/nginx.conf:10
2023/06/18 19:56:32 [emerg] 1#1: host not found in upstream "backend" in /etc/nginx/nginx.conf:10
2023/06/18 19:57:33 [emerg] 1#1: host not found in upstream "backend" in /etc/nginx/nginx.conf:10
2023/06/18 19:58:33 [emerg] 1#1: host not found in upstream "backend" in /etc/nginx/nginx.conf:10
2023/06/18 19:59:34 [emerg] 1#1: host not found in upstream "backend" in /etc/nginx/nginx.conf:10
2023/06/18 20:00:34 [emerg] 1#1: host not found in upstream "backend" in /etc/nginx/nginx.conf:10
2023/06/18 20:01:34 [emerg] 1#1: host not found in upstream "backend" in /etc/nginx/nginx.conf:10
2023/06/18 20:02:34 [emerg] 1#1: host not found in upstream "backend" in /etc/nginx/nginx.conf:10
2023/06/18 20:03:35 [emerg] 1#1: host not found in upstream "backend" in /etc/nginx/nginx.conf:10
2023/06/18 20:04:35 [emerg] 1#1: host not found in upstream "backend" in /etc/nginx/nginx.conf:10
2023/06/18 20:05:35 [emerg] 1#1: host not found in upstream "backend" in /etc/nginx/nginx.conf:10
2023/06/18 20:06:36 [emerg] 1#1: host not found in upstream "backend" in /etc/nginx/nginx.conf:10
2023/06/18 20:07:36 [emerg] 1#1: host not found in upstream "backend" in /etc/nginx/nginx.conf:10
2023/06/18 20:08:36 [emerg] 1#1: host not found in upstream "backend" in /etc/nginx/nginx.conf:10
